{
  "stats": {
    "suites": 1,
    "tests": 1,
    "passes": 0,
    "pending": 0,
    "failures": 1,
    "start": "2024-01-22T15:19:58.996Z",
    "end": "2024-01-22T15:20:30.404Z",
    "duration": 31408,
    "testsRegistered": 1,
    "passPercent": 0,
    "pendingPercent": 0,
    "other": 0,
    "hasOther": false,
    "skipped": 0,
    "hasSkipped": false
  },
  "results": [
    {
      "uuid": "db8205aa-1c41-45de-bd18-fbb62d623b84",
      "title": "",
      "fullFile": "cypress\\e2e\\Specs\\menuAções\\acoesPendentes.cy.js",
      "file": "cypress\\e2e\\Specs\\menuAções\\acoesPendentes.cy.js",
      "beforeHooks": [],
      "afterHooks": [],
      "tests": [],
      "suites": [
        {
          "uuid": "8456c24d-087e-4f53-8803-69b04708436d",
          "title": "Acessar o Menu Acoes Pendentes",
          "fullFile": "",
          "file": "",
          "beforeHooks": [],
          "afterHooks": [],
          "tests": [
            {
              "title": "aprovar uma ação pendente",
              "fullTitle": "Acessar o Menu Acoes Pendentes aprovar uma ação pendente",
              "timedOut": null,
              "duration": 31339,
              "state": "failed",
              "speed": null,
              "pass": false,
              "fail": true,
              "pending": false,
              "context": "[\n  {\n    \"title\": \"cypress-mochawesome-reporter-videos-failed\",\n    \"value\": \"cypress\\\\e2e\\\\Specs\\\\menuAções\\\\acoesPendentes.cy.js\"\n  },\n  {\n    \"title\": \"cypress-mochawesome-reporter-screenshots\",\n    \"value\": [\n      [\n        \"\\\\menuAções\\\\acoesPendentes.cy.js\\\\Acessar o Menu Acoes Pendentes -- aprovar uma ação pendente (failed).png\"\n      ]\n    ]\n  }\n]",
              "code": "cy.visit('https://dev-geon.aperam.com/app/blank/application/actions/list/pending-actions');\n// clica no botão Aprovar e concluir\nacoesPendentes.clicarNoBotaoAprovar();\nacoesPendentes.clicarNoBotaoConcluir();",
              "err": {
                "message": "TypeError: The following error originated from your application code, not from Cypress.\n\n  > Cannot read properties of null (reading '459')\n\nWhen Cypress detects uncaught errors originating from your application it will automatically fail the current test.\n\nThis behavior is configurable, and you can choose to turn this off by listening to the `uncaught:exception` event.\n\nhttps://on.cypress.io/uncaught-exception-from-application",
                "estack": "TypeError: The following error originated from your application code, not from Cypress.\n\n  > Cannot read properties of null (reading '459')\n\nWhen Cypress detects uncaught errors originating from your application it will automatically fail the current test.\n\nThis behavior is configurable, and you can choose to turn this off by listening to the `uncaught:exception` event.\n\nhttps://on.cypress.io/uncaught-exception-from-application\n    at Ar.getItem (https://dev-geon.aperam.com/main.d5772946cb6414eb.js:68:2545)\n    at w.getItem (https://dev-geon.aperam.com/main.d5772946cb6414eb.js:68:10773)\n    at w._add_item_select (https://dev-geon.aperam.com/main.d5772946cb6414eb.js:73:34163)\n    at w._post_select (https://dev-geon.aperam.com/main.d5772946cb6414eb.js:73:35538)\n    at w._select (https://dev-geon.aperam.com/main.d5772946cb6414eb.js:73:32941)\n    at w._click_before_select (https://dev-geon.aperam.com/main.d5772946cb6414eb.js:73:34766)\n    at w.<anonymous> (https://dev-geon.aperam.com/main.d5772946cb6414eb.js:1:280843)\n    at w._mouseEventCall (https://dev-geon.aperam.com/main.d5772946cb6414eb.js:76:73701)\n    at w._mouseEvent (https://dev-geon.aperam.com/main.d5772946cb6414eb.js:76:74625)\n    at w._onClick (https://dev-geon.aperam.com/main.d5772946cb6414eb.js:68:64408)",
                "diff": null
              },
              "uuid": "df099258-f7b6-4a80-add4-414dd9bdc92a",
              "parentUUID": "8456c24d-087e-4f53-8803-69b04708436d",
              "isHook": false,
              "skipped": false
            }
          ],
          "suites": [],
          "passes": [],
          "failures": [
            "df099258-f7b6-4a80-add4-414dd9bdc92a"
          ],
          "pending": [],
          "skipped": [],
          "duration": 31339,
          "root": false,
          "rootEmpty": false,
          "_timeout": 2000
        }
      ],
      "passes": [],
      "failures": [],
      "pending": [],
      "skipped": [],
      "duration": 0,
      "root": true,
      "rootEmpty": true,
      "_timeout": 2000
    }
  ],
  "meta": {
    "mocha": {
      "version": "7.0.1"
    },
    "mochawesome": {
      "options": {
        "quiet": false,
        "reportFilename": "mochawesome",
        "saveHtml": true,
        "saveJson": true,
        "consoleReporter": "spec",
        "useInlineDiffs": false,
        "code": true
      },
      "version": "7.1.3"
    },
    "marge": {
      "options": null,
      "version": "6.2.0"
    }
  }
}